2025-11-26 21:32:19+0700: Running with following config:
logDir = analysis_logs
maxVisits = 500
nnCacheSizePowerOfTwo = 23
nnMaxBatchSize = 64
nnMutexPoolSizePowerOfTwo = 17
nnRandomize = true
numAnalysisThreads = 2
numSearchThreads = 16
reportAnalysisWinratesAs = BLACK

2025-11-26 21:32:19+0700: Analysis Engine starting...
2025-11-26 21:32:19+0700: KataGo v1.14.0
2025-11-26 21:32:19+0700: nnRandSeed0 = 12615817928852618610
2025-11-26 21:32:19+0700: After dedups: nnModelFile0 = model.gz useFP16 auto useNHWC auto
2025-11-26 21:32:19+0700: Initializing neural net buffer to be size 19 * 19 allowing smaller boards
2025-11-26 21:32:22+0700: Eigen (CPU) backend thread 2: Model version 15
2025-11-26 21:32:22+0700: Eigen (CPU) backend thread 4: Model version 15
2025-11-26 21:32:22+0700: Eigen (CPU) backend thread 4: Model name: kata1-b28c512nbt-s11923456768-d5584765134
2025-11-26 21:32:22+0700: Eigen (CPU) backend thread 0: Model version 15
2025-11-26 21:32:22+0700: Eigen (CPU) backend thread 0: Model name: kata1-b28c512nbt-s11923456768-d5584765134
2025-11-26 21:32:22+0700: Eigen (CPU) backend thread 6: Model version 15
2025-11-26 21:32:22+0700: Eigen (CPU) backend thread 6: Model name: kata1-b28c512nbt-s11923456768-d5584765134
2025-11-26 21:32:22+0700: Eigen (CPU) backend thread 3: Model version 15
2025-11-26 21:32:22+0700: Eigen (CPU) backend thread 3: Model name: kata1-b28c512nbt-s11923456768-d5584765134
2025-11-26 21:32:22+0700: Eigen (CPU) backend thread 5: Model version 15
2025-11-26 21:32:22+0700: Eigen (CPU) backend thread 1: Model version 15
2025-11-26 21:32:22+0700: Eigen (CPU) backend thread 1: Model name: kata1-b28c512nbt-s11923456768-d5584765134
2025-11-26 21:32:22+0700: Eigen (CPU) backend thread 2: Model name: kata1-b28c512nbt-s11923456768-d5584765134
2025-11-26 21:32:22+0700: Eigen (CPU) backend thread 5: Model name: kata1-b28c512nbt-s11923456768-d5584765134
2025-11-26 21:32:22+0700: Eigen (CPU) backend thread 7: Model version 15
2025-11-26 21:32:22+0700: Eigen (CPU) backend thread 7: Model name: kata1-b28c512nbt-s11923456768-d5584765134
2025-11-26 21:32:24+0700: Loaded config analysis_example.cfg
2025-11-26 21:32:24+0700: Loaded model model.gz
2025-11-26 21:32:24+0700: Analyzing up to 2 positions at a time in parallel
2025-11-26 21:32:24+0700: Started, ready to begin handling requests
2025-11-26 21:32:24+0700: Error: {"error":"Must be an array of pairs of the form: [\"b\" or \"w\", GTP board vertex]","field":"moves","id":"1"}
2025-11-26 21:32:24+0700: model.gz
2025-11-26 21:32:24+0700: NN rows: 0
2025-11-26 21:32:24+0700: NN batches: 0
2025-11-26 21:32:24+0700: NN avg batch size: -nan(ind)
2025-11-26 21:32:24+0700: GPU -1 finishing, processed 0 rows 0 batches
2025-11-26 21:32:24+0700: GPU -1 finishing, processed 0 rows 0 batches
2025-11-26 21:32:24+0700: GPU -1 finishing, processed 0 rows 0 batches
2025-11-26 21:32:24+0700: GPU -1 finishing, processed 0 rows 0 batches
2025-11-26 21:32:24+0700: GPU -1 finishing, processed 0 rows 0 batches
2025-11-26 21:32:24+0700: GPU -1 finishing, processed 0 rows 0 batches
2025-11-26 21:32:24+0700: GPU -1 finishing, processed 0 rows 0 batches
2025-11-26 21:32:24+0700: GPU -1 finishing, processed 0 rows 0 batches
2025-11-26 21:32:24+0700: All cleaned up, quitting
