2025-11-27 10:16:21+0700: Running with following config:
allowResignation = true
lagBuffer = 0.0
logAllGTPCommunication = true
logDir = gtp_logs
logSearchInfo = true
logSearchInfoForChosenMove = false
logToStderr = false
maxPlayouts = 1000000
maxPlayoutsPondering = 3000
maxTime = 1.0
maxTimePondering = 60.0
maxVisits = 500
maxVisitsPondering = 5000
numSearchThreads = 6
ponderingEnabled = false
resignConsecTurns = 3
resignThreshold = -0.90
rules = tromp-taylor
searchFactorAfterOnePass = 0.50
searchFactorAfterTwoPass = 0.25
searchFactorWhenWinning = 0.40
searchFactorWhenWinningThreshold = 0.95

2025-11-27 10:16:21+0700: Loading model and initializing benchmark...
2025-11-27 10:16:21+0700: Testing with default positions for board size: 19
2025-11-27 10:16:21+0700: nnRandSeed0 = 15681104648049036305
2025-11-27 10:16:21+0700: After dedups: nnModelFile0 = model.gz useFP16 auto useNHWC auto
2025-11-27 10:16:21+0700: Initializing neural net buffer to be size 19 * 19 exactly
2025-11-27 10:16:25+0700: Eigen (CPU) backend thread 1: Model version 15
2025-11-27 10:16:25+0700: Eigen (CPU) backend thread 1: Model name: kata1-b28c512nbt-s11923456768-d5584765134
2025-11-27 10:16:25+0700: Eigen (CPU) backend thread 0: Model version 15
2025-11-27 10:16:25+0700: Eigen (CPU) backend thread 0: Model name: kata1-b28c512nbt-s11923456768-d5584765134
2025-11-27 10:16:52+0700: Loaded config E:\katago\katago-v1.14.0-eigen-windows-x64/default_gtp.cfg
2025-11-27 10:16:52+0700: Loaded model model.gz
2025-11-27 10:16:52+0700: GPU -1 finishing, processed 0 rows 0 batches
2025-11-27 10:16:52+0700: GPU -1 finishing, processed 5 rows 5 batches
2025-11-27 10:16:52+0700: nnRandSeed0 = 10076211215901794901
2025-11-27 10:16:52+0700: After dedups: nnModelFile0 = model.gz useFP16 auto useNHWC auto
2025-11-27 10:16:52+0700: Initializing neural net buffer to be size 19 * 19 exactly
2025-11-27 10:17:05+0700: Eigen (CPU) backend thread 0: Model version 15
2025-11-27 10:17:05+0700: Eigen (CPU) backend thread 0: Model name: kata1-b28c512nbt-s11923456768-d5584765134
2025-11-27 10:17:05+0700: Eigen (CPU) backend thread 1: Model version 15
2025-11-27 10:17:05+0700: Eigen (CPU) backend thread 1: Model name: kata1-b28c512nbt-s11923456768-d5584765134
