2025-11-27 09:59:06+0700: Running with following config:
allowResignation = true
lagBuffer = 1.0
logAllGTPCommunication = true
logDir = gtp_logs
logSearchInfo = true
logSearchInfoForChosenMove = false
logToStderr = false
maxTime = 10.0
maxTimePondering = 60.0
maxVisits = 500
numSearchThreads = 6
ponderingEnabled = false
resignConsecTurns = 3
resignThreshold = -0.90
rules = tromp-taylor
searchFactorAfterOnePass = 0.50
searchFactorAfterTwoPass = 0.25
searchFactorWhenWinning = 0.40
searchFactorWhenWinningThreshold = 0.95

2025-11-27 09:59:06+0700: GTP Engine starting...
2025-11-27 09:59:06+0700: KataGo v1.14.0
2025-11-27 09:59:06+0700: Using TrompTaylor rules initially, unless GTP/GUI overrides this
2025-11-27 09:59:06+0700: Using 6 CPU thread(s) for search
2025-11-27 09:59:06+0700: nnRandSeed0 = 4059233080164985493
2025-11-27 09:59:06+0700: After dedups: nnModelFile0 = model.gz useFP16 auto useNHWC auto
2025-11-27 09:59:06+0700: Initializing neural net buffer to be size 19 * 19 exactly
2025-11-27 09:59:09+0700: Eigen (CPU) backend thread 3: Model version 15
2025-11-27 09:59:09+0700: Eigen (CPU) backend thread 3: Model name: kata1-b28c512nbt-s11923456768-d5584765134
2025-11-27 09:59:09+0700: Eigen (CPU) backend thread 4: Model version 15
2025-11-27 09:59:09+0700: Eigen (CPU) backend thread 4: Model name: kata1-b28c512nbt-s11923456768-d5584765134
2025-11-27 09:59:09+0700: Eigen (CPU) backend thread 0: Model version 15
2025-11-27 09:59:09+0700: Eigen (CPU) backend thread 0: Model name: kata1-b28c512nbt-s11923456768-d5584765134
2025-11-27 09:59:09+0700: Eigen (CPU) backend thread 5: Model version 15
2025-11-27 09:59:09+0700: Eigen (CPU) backend thread 5: Model name: kata1-b28c512nbt-s11923456768-d5584765134
2025-11-27 09:59:09+0700: Eigen (CPU) backend thread 1: Model version 15
2025-11-27 09:59:09+0700: Eigen (CPU) backend thread 1: Model name: kata1-b28c512nbt-s11923456768-d5584765134
2025-11-27 09:59:09+0700: Eigen (CPU) backend thread 2: Model version 15
2025-11-27 09:59:09+0700: Eigen (CPU) backend thread 2: Model name: kata1-b28c512nbt-s11923456768-d5584765134
2025-11-27 09:59:11+0700: Loaded neural net with nnXLen 19 nnYLen 19
2025-11-27 09:59:11+0700: Initializing board with boardXSize 19 boardYSize 19
2025-11-27 09:59:11+0700: Loaded config default_gtp.cfg
2025-11-27 09:59:11+0700: Loaded model model.gz
2025-11-27 09:59:11+0700: Model name: kata1-b28c512nbt-s11923456768-d5584765134
2025-11-27 09:59:11+0700: GTP ready, beginning main protocol loop
2025-11-27 09:59:17+0700: Controller: board size 19
2025-11-27 09:59:17+0700: ? unknown command
2025-11-27 09:59:30+0700: Controller: boardsize 9
2025-11-27 09:59:30+0700: GPU -1 finishing, processed 0 rows 0 batches
2025-11-27 09:59:30+0700: GPU -1 finishing, processed 0 rows 0 batches
2025-11-27 09:59:30+0700: GPU -1 finishing, processed 0 rows 0 batches
2025-11-27 09:59:30+0700: GPU -1 finishing, processed 0 rows 0 batches
2025-11-27 09:59:30+0700: GPU -1 finishing, processed 0 rows 0 batches
2025-11-27 09:59:30+0700: GPU -1 finishing, processed 0 rows 0 batches
2025-11-27 09:59:30+0700: Cleaned up old neural net and bot
2025-11-27 09:59:30+0700: nnRandSeed0 = 14694626855112161725
2025-11-27 09:59:30+0700: After dedups: nnModelFile0 = model.gz useFP16 auto useNHWC auto
2025-11-27 09:59:30+0700: Initializing neural net buffer to be size 9 * 9 exactly
2025-11-27 09:59:33+0700: Eigen (CPU) backend thread 0: Model version 15
2025-11-27 09:59:33+0700: Eigen (CPU) backend thread 0: Model name: kata1-b28c512nbt-s11923456768-d5584765134
2025-11-27 09:59:33+0700: Eigen (CPU) backend thread 2: Model version 15
2025-11-27 09:59:33+0700: Eigen (CPU) backend thread 2: Model name: kata1-b28c512nbt-s11923456768-d5584765134
2025-11-27 09:59:33+0700: Eigen (CPU) backend thread 5: Model version 15
2025-11-27 09:59:33+0700: Eigen (CPU) backend thread 5: Model name: kata1-b28c512nbt-s11923456768-d5584765134
2025-11-27 09:59:33+0700: Eigen (CPU) backend thread 1: Model version 15
2025-11-27 09:59:33+0700: Eigen (CPU) backend thread 1: Model name: kata1-b28c512nbt-s11923456768-d5584765134
2025-11-27 09:59:33+0700: Eigen (CPU) backend thread 3: Model version 15
2025-11-27 09:59:33+0700: Eigen (CPU) backend thread 3: Model name: kata1-b28c512nbt-s11923456768-d5584765134
2025-11-27 09:59:33+0700: Eigen (CPU) backend thread 4: Model version 15
2025-11-27 09:59:33+0700: Eigen (CPU) backend thread 4: Model name: kata1-b28c512nbt-s11923456768-d5584765134
2025-11-27 09:59:35+0700: Loaded neural net with nnXLen 9 nnYLen 9
2025-11-27 09:59:35+0700: Initializing board with boardXSize 9 boardYSize 9
2025-11-27 09:59:35+0700: = 
2025-11-27 09:59:49+0700: Controller: play B C1
2025-11-27 09:59:49+0700: = 
2025-11-27 09:59:53+0700: Controller: genmove W
2025-11-27 10:00:04+0700: MoveNum: 1 HASH: 875B440162F697CEFACDA3324BC10439
   A B C D E F G H J
 9 . . . . . . . . .
 8 . . . . . . . . .
 7 . . . . . . . . .
 6 . . . . @ . . . .
 5 . . . . . . . . .
 4 . . . . . . . . .
 3 . . . . . . . . .
 2 . . . . . . . . .
 1 . . X1. . . . . .

koPOSITIONALscoreAREAtaxNONEsui1komi7.5
Time taken: 10.625
Root visits: 92
New playouts: 92
NN rows: 91
NN batches: 91
NN avg batch size: 1
PV: E6 F4 D4 G6
Tree:
: T 108.46c W  99.86c S   8.71c (+10.0 L  +9.7) N      92  --  E6 F4 D4 G6
---White(^)---
E6  : T 109.25c W  99.87c S   9.30c (+10.2 L  +9.8) LCB  105.10c P 16.08% WF  81.3 PSV      81 N      15  --  E6 F4 D4 G6
E4  : T 109.77c W  99.87c S   9.47c (+10.3 L +10.0) LCB  105.02c P  7.32% WF  69.6 PSV      56 N      13  --  E4 F6 G4 G5
E5  : T 108.38c W  99.86c S   7.84c ( +9.6 L  +9.3) LCB   96.62c P 11.33% WF  42.0 PSV      36 N       8  --  E5 G6 G4
F6  : T 108.20c W  99.86c S   8.68c ( +9.9 L  +9.8) LCB  103.12c P 11.34% WF  66.2 PSV      34 N      13  --  F6 D6 F4 D4
F4  : T 108.19c W  99.83c S   8.56c ( +9.9 L  +9.7) LCB  104.32c P 11.18% WF  71.0 PSV      33 N      14  --  F4 D4 D5 C5
F5  : T 108.55c W  99.86c S   8.88c (+10.0 L  +9.7) LCB  103.03c P  7.33% WF  61.9 PSV      25 N      12  --  F5 D6 D5 C5
D6  : T 107.98c W  99.83c S   8.23c ( +9.8 L  +9.5) LCB   79.34c P  3.83% WF  25.9 PSV      10 N       5  --  D6 F6 F5
D5  : T 106.21c W  99.86c S   7.70c ( +9.6 L  +9.2) LCB  -48.90c P  4.95% WF  10.4 PSV       8 N       2  --  D5 F5
E3  : T 109.64c W  99.93c S   9.71c (+10.3 L  +9.7) LCB -240.36c P  1.46% WF   6.0 PSV       6 N       1  --  E3
D4  : T 106.23c W  99.83c S   7.89c ( +9.6 L  +9.4) LCB  -48.78c P  2.93% WF  10.1 PSV       5 N       2  --  D4 F6

2025-11-27 10:00:04+0700: = E6
2025-11-27 10:00:31+0700: Controller: play B C2
2025-11-27 10:00:31+0700: = 
2025-11-27 10:00:36+0700: Controller: genmove W
2025-11-27 10:00:47+0700: MoveNum: 3 HASH: A37BE6B4AF2D3820CFCD6116E3C6EF51
   A B C D E F G H J
 9 . . . . . . . . .
 8 . . . . . . . . .
 7 . . . . . . . . .
 6 . . . . O2. . . .
 5 . . . . . . . . .
 4 . . . . . . . . .
 3 . . . . . @ . . .
 2 . . X3. . . . . .
 1 . . X1. . . . . .

koPOSITIONALscoreAREAtaxNONEsui1komi7.5
Time taken: 10.531
Root visits: 92
New playouts: 92
NN rows: 91
NN batches: 91
NN avg batch size: 1
PV: C5 F3 G4 G3 D3
Tree:
: T 111.74c W  99.96c S  11.69c (+15.1 L +14.7) N      92  --  C5 F3 G4 G3 D3
---White(^)---
C5  : T 112.39c W  99.96c S  12.24c (+15.5 L +15.1) LCB  110.01c P 31.56% WF 123.4 PSV     123 N      22  --  C5 F3 G4 G3 D3
F3  : T 112.06c W  99.95c S  12.40c (+15.5 L +15.1) LCB  108.44c P 20.68% WF  83.9 PSV      69 N      15  --  F3 C5 D3 G5
G6  : T 112.42c W  99.97c S  12.13c (+15.3 L +15.0) LCB  109.31c P  7.80% WF  89.7 PSV      30 N      16  --  G6 C5 C6 B6
G5  : T 112.26c W  99.98c S  11.94c (+15.3 L +14.7) LCB  108.81c P  8.41% WF  88.0 PSV      30 N      15  --  G5 F3 D7
F4  : T 110.39c W  99.96c S  10.37c (+14.5 L +14.1) LCB  106.37c P  7.53% WF  74.6 PSV      15 N      14  --  F4 C5 D3 C3 C6 B6
C6  : T 109.33c W  99.93c S   9.81c (+14.3 L +14.0) LCB   34.92c P  2.91% WF  15.9 PSV       4 N       3  --  C6 G5
D3  : T 109.70c W  99.94c S  10.12c (+14.4 L +14.2) LCB   34.78c P  2.29% WF  16.2 PSV       3 N       3  --  D3 F3
D4  : T 109.18c W  99.96c S   9.89c (+14.2 L +13.9) LCB  -41.58c P  1.81% WF  11.6 PSV       2 N       2  --  D4 F3
C4  : T 111.04c W  99.98c S  11.06c (+14.8 L +13.9) LCB -238.96c P  1.20% WF   6.1 PSV       2 N       1  --  C4

2025-11-27 10:00:47+0700: = F3
