2025-11-27 10:19:42+0700: Running with following config:
allowResignation = true
lagBuffer = 0.0
logAllGTPCommunication = true
logDir = gtp_logs
logSearchInfo = true
logSearchInfoForChosenMove = false
logToStderr = false
maxPlayouts = 100
maxPlayoutsPondering = 3000
maxTime = 1.0
maxTimePondering = 60.0
maxVisits = 30
maxVisitsPondering = 5000
numSearchThreads = 6
ponderingEnabled = false
resignConsecTurns = 3
resignThreshold = -0.90
rules = tromp-taylor
searchFactorAfterOnePass = 0.50
searchFactorAfterTwoPass = 0.25
searchFactorWhenWinning = 0.40
searchFactorWhenWinningThreshold = 0.95

2025-11-27 10:19:42+0700: GTP Engine starting...
2025-11-27 10:19:42+0700: KataGo v1.14.0
2025-11-27 10:19:42+0700: Using TrompTaylor rules initially, unless GTP/GUI overrides this
2025-11-27 10:19:42+0700: Using 6 CPU thread(s) for search
2025-11-27 10:19:43+0700: nnRandSeed0 = 16538232209110544301
2025-11-27 10:19:43+0700: After dedups: nnModelFile0 = model.gz useFP16 auto useNHWC auto
2025-11-27 10:19:43+0700: Initializing neural net buffer to be size 19 * 19 exactly
2025-11-27 10:19:47+0700: Eigen (CPU) backend thread 1: Model version 15
2025-11-27 10:19:47+0700: Eigen (CPU) backend thread 1: Model name: kata1-b28c512nbt-s11923456768-d5584765134
2025-11-27 10:19:47+0700: Eigen (CPU) backend thread 0: Model version 15
2025-11-27 10:19:47+0700: Eigen (CPU) backend thread 0: Model name: kata1-b28c512nbt-s11923456768-d5584765134
2025-11-27 10:19:47+0700: Eigen (CPU) backend thread 2: Model version 15
2025-11-27 10:19:47+0700: Eigen (CPU) backend thread 2: Model name: kata1-b28c512nbt-s11923456768-d5584765134
2025-11-27 10:19:47+0700: Eigen (CPU) backend thread 5: Model version 15
2025-11-27 10:19:47+0700: Eigen (CPU) backend thread 5: Model name: kata1-b28c512nbt-s11923456768-d5584765134
2025-11-27 10:19:47+0700: Eigen (CPU) backend thread 4: Model version 15
2025-11-27 10:19:47+0700: Eigen (CPU) backend thread 4: Model name: kata1-b28c512nbt-s11923456768-d5584765134
2025-11-27 10:19:47+0700: Eigen (CPU) backend thread 3: Model version 15
2025-11-27 10:19:47+0700: Eigen (CPU) backend thread 3: Model name: kata1-b28c512nbt-s11923456768-d5584765134
2025-11-27 10:19:49+0700: Loaded neural net with nnXLen 19 nnYLen 19
2025-11-27 10:19:49+0700: Initializing board with boardXSize 19 boardYSize 19
2025-11-27 10:19:49+0700: Loaded config default_gtp.cfg
2025-11-27 10:19:49+0700: Loaded model model.gz
2025-11-27 10:19:49+0700: Model name: kata1-b28c512nbt-s11923456768-d5584765134
2025-11-27 10:19:49+0700: GTP ready, beginning main protocol loop
2025-11-27 10:19:54+0700: Controller: play B C2
2025-11-27 10:19:54+0700: = 
2025-11-27 10:19:58+0700: Controller: genmove W
2025-11-27 10:20:02+0700: MoveNum: 1 HASH: D3FD5BA10FF7EDCBF764DC63863F7D8A
   A B C D E F G H J K L M N O P Q R S T
19 . . . . . . . . . . . . . . . . . . .
18 . . . . . . . . . . . . . . . . . . .
17 . . . . . . . . . . . . . . . . . . .
16 . . . . . . . . . . . . . . . . . . .
15 . . . . . . . . . . . . . . . . . . .
14 . . . . . . . . . . . . . . . . . . .
13 . . . . . . . . . . . . . . . . . . .
12 . . . . . . . . . . . . . . . . . . .
11 . . . . . . . . . . . . . . . . . . .
10 . . . . . . . . . . . . . . . . . . .
 9 . . . . . . . . . . . . . . . . . . .
 8 . . . . . . . . . . . . . . . . . . .
 7 . . . . . . . . . . . . . . . . . . .
 6 . . . . . . . . . . . . . . . . . . .
 5 . . . . . . . . . . . . . . . . . . .
 4 . . . . . . . . . . . . . . . @ . . .
 3 . . . . . . . . . . . . . . . . . . .
 2 . . X1. . . . . . . . . . . . . . . .
 1 . . . . . . . . . . . . . . . . . . .

koPOSITIONALscoreAREAtaxNONEsui1komi7.5
Time taken: 4.359
Root visits: 4
New playouts: 4
NN rows: 4
NN batches: 4
NN avg batch size: 1
PV: C16
Tree:
: T  65.89c W  64.10c S   1.79c ( +4.6 L  +2.7) N       4  --  C16
---White(^)---
C16 : T  71.16c W  68.90c S   2.27c ( +5.0 L  +3.0) LCB -278.84c P 10.61% WF   2.5 PSV       3 N       1  --  C16
Q4  : T  65.86c W  64.02c S   1.84c ( +4.6 L  +2.7) LCB -284.14c P 15.46% WF   2.5 PSV       3 N       1  --  Q4
D16 : T  65.44c W  63.67c S   1.77c ( +4.5 L  +2.7) LCB -284.56c P 18.39% WF   2.5 PSV       3 N       1  --  D16

2025-11-27 10:20:02+0700: = Q4
2025-11-27 10:20:15+0700: Controller: genmove B
2025-11-27 10:20:19+0700: MoveNum: 2 HASH: 2D51ED3C5A19303AEAFBE5A82EB569FF
   A B C D E F G H J K L M N O P Q R S T
19 . . . . . . . . . . . . . . . . . . .
18 . . . . . . . . . . . . . . . . . . .
17 . . . @ . . . . . . . . . . . . . . .
16 . . . . . . . . . . . . . . . . . . .
15 . . . . . . . . . . . . . . . . . . .
14 . . . . . . . . . . . . . . . . . . .
13 . . . . . . . . . . . . . . . . . . .
12 . . . . . . . . . . . . . . . . . . .
11 . . . . . . . . . . . . . . . . . . .
10 . . . . . . . . . . . . . . . . . . .
 9 . . . . . . . . . . . . . . . . . . .
 8 . . . . . . . . . . . . . . . . . . .
 7 . . . . . . . . . . . . . . . . . . .
 6 . . . . . . . . . . . . . . . . . . .
 5 . . . . . . . . . . . . . . . . . . .
 4 . . . . . . . . . . . . . . . O2. . .
 3 . . . . . . . . . . . . . . . . . . .
 2 . . X1. . . . . . . . . . . . . . . .
 1 . . . . . . . . . . . . . . . . . . .

koPOSITIONALscoreAREAtaxNONEsui1komi7.5
Time taken: 4.188
Root visits: 5
New playouts: 4
NN rows: 5
NN batches: 5
NN avg batch size: 1
PV: D17 Q17
Tree:
: T -67.98c W -66.44c S  -1.76c ( -4.8 L  -3.0) N       5  --  D17 Q17
---Black(^)---
D17 : T -67.46c W -66.37c S  -1.63c ( -4.7 L  -3.0) LCB -218.89c P 44.52% WF   5.5 PSV       5 N       2  --  D17 Q17
D5  : T -68.59c W -66.58c S  -2.01c ( -5.0 L  -3.3) LCB -418.59c P 21.87% WF   3.1 PSV       2 N       1  --  D5
Q17 : T -71.48c W -69.40c S  -2.08c ( -5.1 L  -3.2) LCB -421.48c P  7.94% WF   2.8 PSV       0 N       1  --  Q17

2025-11-27 10:20:19+0700: = D17
2025-11-27 10:26:58+0700: Controller: ./katago.exe benchmark
2025-11-27 10:26:58+0700: ? unknown command
