2025-11-27 10:29:33+0700: Running with following config:
allowResignation = true
lagBuffer = 0.0
logAllGTPCommunication = true
logDir = gtp_logs
logSearchInfo = true
logSearchInfoForChosenMove = false
logToStderr = false
maxPlayouts = 100
maxPlayoutsPondering = 3000
maxTime = 1.0
maxTimePondering = 60.0
maxVisits = 30
maxVisitsPondering = 5000
numSearchThreads = 6
ponderingEnabled = false
resignConsecTurns = 3
resignThreshold = -0.90
rules = tromp-taylor
searchFactorAfterOnePass = 0.50
searchFactorAfterTwoPass = 0.25
searchFactorWhenWinning = 0.40
searchFactorWhenWinningThreshold = 0.95

2025-11-27 10:29:33+0700: Loading model and initializing benchmark...
2025-11-27 10:29:33+0700: Testing with default positions for board size: 19
2025-11-27 10:29:33+0700: nnRandSeed0 = 5350003573430971843
2025-11-27 10:29:33+0700: After dedups: nnModelFile0 = model.gz useFP16 auto useNHWC auto
2025-11-27 10:29:33+0700: Initializing neural net buffer to be size 19 * 19 exactly
2025-11-27 10:29:37+0700: Eigen (CPU) backend thread 0: Model version 15
2025-11-27 10:29:37+0700: Eigen (CPU) backend thread 0: Model name: kata1-b28c512nbt-s11923456768-d5584765134
2025-11-27 10:29:37+0700: Eigen (CPU) backend thread 1: Model version 15
2025-11-27 10:29:37+0700: Eigen (CPU) backend thread 1: Model name: kata1-b28c512nbt-s11923456768-d5584765134
2025-11-27 10:29:50+0700: Loaded config E:\katago\katago-v1.14.0-eigen-windows-x64/default_gtp.cfg
2025-11-27 10:29:50+0700: Loaded model model.gz
2025-11-27 10:29:50+0700: GPU -1 finishing, processed 3 rows 3 batches
2025-11-27 10:29:50+0700: GPU -1 finishing, processed 2 rows 2 batches
2025-11-27 10:29:50+0700: nnRandSeed0 = 15330184768911841674
2025-11-27 10:29:50+0700: After dedups: nnModelFile0 = model.gz useFP16 auto useNHWC auto
2025-11-27 10:29:50+0700: Initializing neural net buffer to be size 19 * 19 exactly
2025-11-27 10:29:54+0700: Eigen (CPU) backend thread 1: Model version 15
2025-11-27 10:29:54+0700: Eigen (CPU) backend thread 0: Model version 15
2025-11-27 10:29:54+0700: Eigen (CPU) backend thread 1: Model name: kata1-b28c512nbt-s11923456768-d5584765134
2025-11-27 10:29:54+0700: Eigen (CPU) backend thread 0: Model name: kata1-b28c512nbt-s11923456768-d5584765134
