2025-11-27 10:07:06+0700: Running with following config:
allowResignation = true
lagBuffer = 1.0
logAllGTPCommunication = true
logDir = gtp_logs
logSearchInfo = true
logSearchInfoForChosenMove = false
logToStderr = false
maxPlayouts = 300
maxPlayoutsPondering = 3000
maxTime = 1.0
maxTimePondering = 60.0
maxVisits = 500
maxVisitsPondering = 5000
numSearchThreads = 6
ponderingEnabled = false
resignConsecTurns = 3
resignThreshold = -0.90
rules = tromp-taylor
searchFactorAfterOnePass = 0.50
searchFactorAfterTwoPass = 0.25
searchFactorWhenWinning = 0.40
searchFactorWhenWinningThreshold = 0.95

2025-11-27 10:07:06+0700: GTP Engine starting...
2025-11-27 10:07:06+0700: KataGo v1.14.0
2025-11-27 10:07:06+0700: Using TrompTaylor rules initially, unless GTP/GUI overrides this
2025-11-27 10:07:06+0700: Using 6 CPU thread(s) for search
2025-11-27 10:07:06+0700: nnRandSeed0 = 11558398051954037143
2025-11-27 10:07:06+0700: After dedups: nnModelFile0 = model.gz useFP16 auto useNHWC auto
2025-11-27 10:07:06+0700: Initializing neural net buffer to be size 19 * 19 exactly
2025-11-27 10:07:09+0700: Eigen (CPU) backend thread 4: Model version 15
2025-11-27 10:07:09+0700: Eigen (CPU) backend thread 4: Model name: kata1-b28c512nbt-s11923456768-d5584765134
2025-11-27 10:07:09+0700: Eigen (CPU) backend thread 2: Model version 15
2025-11-27 10:07:09+0700: Eigen (CPU) backend thread 2: Model name: kata1-b28c512nbt-s11923456768-d5584765134
2025-11-27 10:07:09+0700: Eigen (CPU) backend thread 0: Model version 15
2025-11-27 10:07:09+0700: Eigen (CPU) backend thread 0: Model name: kata1-b28c512nbt-s11923456768-d5584765134
2025-11-27 10:07:09+0700: Eigen (CPU) backend thread 5: Model version 15
2025-11-27 10:07:09+0700: Eigen (CPU) backend thread 5: Model name: kata1-b28c512nbt-s11923456768-d5584765134
2025-11-27 10:07:09+0700: Eigen (CPU) backend thread 1: Model version 15
2025-11-27 10:07:09+0700: Eigen (CPU) backend thread 1: Model name: kata1-b28c512nbt-s11923456768-d5584765134
2025-11-27 10:07:09+0700: Eigen (CPU) backend thread 3: Model version 15
2025-11-27 10:07:09+0700: Eigen (CPU) backend thread 3: Model name: kata1-b28c512nbt-s11923456768-d5584765134
2025-11-27 10:07:11+0700: Loaded neural net with nnXLen 19 nnYLen 19
2025-11-27 10:07:11+0700: Initializing board with boardXSize 19 boardYSize 19
2025-11-27 10:07:11+0700: Loaded config default_gtp.cfg
2025-11-27 10:07:11+0700: Loaded model model.gz
2025-11-27 10:07:11+0700: Model name: kata1-b28c512nbt-s11923456768-d5584765134
2025-11-27 10:07:11+0700: GTP ready, beginning main protocol loop
2025-11-27 10:07:17+0700: Controller: play B C1
2025-11-27 10:07:17+0700: = 
2025-11-27 10:07:25+0700: Controller: genmove W
2025-11-27 10:07:28+0700: MoveNum: 1 HASH: E1BA23D8CEDAA527BF6B0E8439F79E08
   A B C D E F G H J K L M N O P Q R S T
19 . . . . . . . . . . . . . . . . . . .
18 . . . . . . . . . . . . . . . . . . .
17 . . . . . . . . . . . . . . . . . . .
16 . . . . . . . . . . . . . . . . . . .
15 . . . . . . . . . . . . . . . . . . .
14 . . . . . . . . . . . . . . . . . . .
13 . . . . . . . . . . . . . . . . . . .
12 . . . . . . . . . . . . . . . . . . .
11 . . . . . . . . . . . . . . . . . . .
10 . . . . . . . . . . . . . . . . . . .
 9 . . . . . . . . . . . . . . . . . . .
 8 . . . . . . . . . . . . . . . . . . .
 7 . . . . . . . . . . . . . . . . . . .
 6 . . . . . . . . . . . . . . . . . . .
 5 . . . . . . . . . . . . . . . . . . .
 4 . . @ . . . . . . . . . . . . . . . .
 3 . . . . . . . . . . . . . . . . . . .
 2 . . . . . . . . . . . . . . . . . . .
 1 . . X1. . . . . . . . . . . . . . . .

koPOSITIONALscoreAREAtaxNONEsui1komi7.5
Time taken: 3.188
Root visits: 7
New playouts: 7
NN rows: 7
NN batches: 7
NN avg batch size: 1
PV: C4
Tree:
: T 100.26c W  96.16c S   4.10c (+12.2 L  +9.9) N       7  --  C4
---White(^)---
C4  : T 101.21c W  96.72c S   4.49c (+12.6 L +10.7) LCB -248.79c P 14.99% WF   3.7 PSV       4 N       1  --  C4
C3  : T 100.49c W  96.26c S   4.24c (+12.4 L +10.3) LCB -249.51c P 16.93% WF   3.5 PSV       3 N       1  --  C3
Q4  : T 100.16c W  96.22c S   3.94c (+12.0 L  +9.6) LCB -249.84c P  4.99% WF   4.3 PSV       1 N       1  --  Q4
D16 : T 100.32c W  96.27c S   4.05c (+12.1 L  +9.7) LCB -249.68c P  4.58% WF   4.3 PSV       1 N       1  --  D16
D4  : T 100.23c W  96.16c S   4.07c (+12.2 L  +9.9) LCB -249.77c P  3.43% WF   3.9 PSV       0 N       1  --  D4
D3  : T 100.50c W  96.29c S   4.21c (+12.3 L +10.3) LCB -249.50c P  2.87% WF   3.5 PSV       0 N       1  --  D3

2025-11-27 10:07:28+0700: = C4
