2025-11-27 20:54:31+0700: Running with following config:
allowResignation = true
lagBuffer = 0.0
logAllGTPCommunication = true
logDir = gtp_logs
logSearchInfo = true
logSearchInfoForChosenMove = false
logToStderr = false
maxPlayouts = 500
maxPlayoutsPondering = 3000
maxTime = 0.5
maxTimePondering = 60.0
maxVisits = 300
maxVisitsPondering = 5000
numSearchThreads = 16
ponderingEnabled = false
resignConsecTurns = 3
resignThreshold = -0.90
rules = tromp-taylor
searchFactorAfterOnePass = 0.50
searchFactorAfterTwoPass = 0.25
searchFactorWhenWinning = 0.40
searchFactorWhenWinningThreshold = 0.95

2025-11-27 20:54:31+0700: GTP Engine starting...
2025-11-27 20:54:31+0700: KataGo v1.14.0
2025-11-27 20:54:31+0700: Using TrompTaylor rules initially, unless GTP/GUI overrides this
2025-11-27 20:54:31+0700: Using 16 CPU thread(s) for search
2025-11-27 20:54:31+0700: nnRandSeed0 = 245887758204894152
2025-11-27 20:54:31+0700: After dedups: nnModelFile0 = model.gz useFP16 auto useNHWC auto
2025-11-27 20:54:31+0700: Initializing neural net buffer to be size 19 * 19 exactly
2025-11-27 20:54:31+0700: Eigen (CPU) backend thread 0: Model version 8
2025-11-27 20:54:31+0700: Eigen (CPU) backend thread 0: Model name: b6c96-s1995008-d1329786
2025-11-27 20:54:31+0700: Eigen (CPU) backend thread 4: Model version 8
2025-11-27 20:54:31+0700: Eigen (CPU) backend thread 4: Model name: b6c96-s1995008-d1329786
2025-11-27 20:54:31+0700: Eigen (CPU) backend thread 5: Model version 8
2025-11-27 20:54:31+0700: Eigen (CPU) backend thread 5: Model name: b6c96-s1995008-d1329786
2025-11-27 20:54:31+0700: Eigen (CPU) backend thread 6: Model version 8
2025-11-27 20:54:31+0700: Eigen (CPU) backend thread 6: Model name: b6c96-s1995008-d1329786
2025-11-27 20:54:31+0700: Eigen (CPU) backend thread 1: Model version 8
2025-11-27 20:54:31+0700: Eigen (CPU) backend thread 1: Model name: b6c96-s1995008-d1329786
2025-11-27 20:54:31+0700: Eigen (CPU) backend thread 3: Model version 8
2025-11-27 20:54:31+0700: Eigen (CPU) backend thread 3: Model name: b6c96-s1995008-d1329786
2025-11-27 20:54:31+0700: Eigen (CPU) backend thread 7: Model version 8
2025-11-27 20:54:31+0700: Eigen (CPU) backend thread 7: Model name: b6c96-s1995008-d1329786
2025-11-27 20:54:31+0700: Eigen (CPU) backend thread 2: Model version 8
2025-11-27 20:54:31+0700: Eigen (CPU) backend thread 2: Model name: b6c96-s1995008-d1329786
2025-11-27 20:54:31+0700: Loaded neural net with nnXLen 19 nnYLen 19
2025-11-27 20:54:31+0700: Initializing board with boardXSize 19 boardYSize 19
2025-11-27 20:54:31+0700: Loaded config default_gtp.cfg
2025-11-27 20:54:31+0700: Loaded model model.gz
2025-11-27 20:54:31+0700: Model name: b6c96-s1995008-d1329786
2025-11-27 20:54:31+0700: GTP ready, beginning main protocol loop
2025-11-27 20:54:38+0700: Controller: boardsize 2
2025-11-27 20:54:38+0700: GPU -1 finishing, processed 0 rows 0 batches
2025-11-27 20:54:38+0700: GPU -1 finishing, processed 0 rows 0 batches
2025-11-27 20:54:38+0700: GPU -1 finishing, processed 0 rows 0 batches
2025-11-27 20:54:38+0700: GPU -1 finishing, processed 0 rows 0 batches
2025-11-27 20:54:38+0700: GPU -1 finishing, processed 0 rows 0 batches
2025-11-27 20:54:38+0700: GPU -1 finishing, processed 0 rows 0 batches
2025-11-27 20:54:38+0700: GPU -1 finishing, processed 0 rows 0 batches
2025-11-27 20:54:39+0700: GPU -1 finishing, processed 0 rows 0 batches
2025-11-27 20:54:39+0700: Cleaned up old neural net and bot
2025-11-27 20:54:39+0700: nnRandSeed0 = 17513717435850642254
2025-11-27 20:54:39+0700: After dedups: nnModelFile0 = model.gz useFP16 auto useNHWC auto
2025-11-27 20:54:39+0700: Initializing neural net buffer to be size 2 * 2 exactly
2025-11-27 20:54:39+0700: Eigen (CPU) backend thread 0: Model version 8
2025-11-27 20:54:39+0700: Eigen (CPU) backend thread 0: Model name: b6c96-s1995008-d1329786
2025-11-27 20:54:39+0700: Eigen (CPU) backend thread 2: Model version 8
2025-11-27 20:54:39+0700: Eigen (CPU) backend thread 2: Model name: b6c96-s1995008-d1329786
2025-11-27 20:54:39+0700: Eigen (CPU) backend thread 4: Model version 8
2025-11-27 20:54:39+0700: Eigen (CPU) backend thread 4: Model name: b6c96-s1995008-d1329786
2025-11-27 20:54:39+0700: Eigen (CPU) backend thread 1: Model version 8
2025-11-27 20:54:39+0700: Eigen (CPU) backend thread 1: Model name: b6c96-s1995008-d1329786
2025-11-27 20:54:39+0700: Eigen (CPU) backend thread 3: Model version 8
2025-11-27 20:54:39+0700: Eigen (CPU) backend thread 3: Model name: b6c96-s1995008-d1329786
2025-11-27 20:54:39+0700: Eigen (CPU) backend thread 5: Model version 8
2025-11-27 20:54:39+0700: Eigen (CPU) backend thread 5: Model name: b6c96-s1995008-d1329786
2025-11-27 20:54:39+0700: Eigen (CPU) backend thread 6: Model version 8
2025-11-27 20:54:39+0700: Eigen (CPU) backend thread 6: Model name: b6c96-s1995008-d1329786
2025-11-27 20:54:39+0700: Eigen (CPU) backend thread 7: Model version 8
2025-11-27 20:54:39+0700: Eigen (CPU) backend thread 7: Model name: b6c96-s1995008-d1329786
2025-11-27 20:54:39+0700: Loaded neural net with nnXLen 2 nnYLen 2
2025-11-27 20:54:39+0700: Initializing board with boardXSize 2 boardYSize 2
2025-11-27 20:54:39+0700: = 
2025-11-27 20:54:46+0700: Controller: play b a1
2025-11-27 20:54:46+0700: = 
2025-11-27 20:54:50+0700: Controller: play b a2
2025-11-27 20:54:50+0700: = 
2025-11-27 20:54:53+0700: Controller: play b b1
2025-11-27 20:54:53+0700: = 
2025-11-27 20:54:56+0700: Controller: play b b2
2025-11-27 20:54:56+0700: = 
2025-11-27 20:54:59+0700: Controller: genmove w
2025-11-27 20:54:59+0700: MoveNum: 1 HASH: CEA26448910A5BF5F35A3098A28FEA31
   A B
 2 . .1
 1 @ .

koPOSITIONALscoreAREAtaxNONEsui1komi7.5
Time taken: 0.047
Root visits: 315
New playouts: 315
NN rows: 89
NN batches: 81
NN avg batch size: 1.09877
PV: A1 B2 A2 B1 A1 A2 pass pass
Tree:
: T 101.46c W  78.07c S   5.30c ( +5.0 L  +5.0) N     315  --  A1 B2 A2 B1 A1 A2 pass
---White(^)---
A1  : T 104.09c W  80.09c S   5.79c ( +5.2 L  +5.3) LCB   91.88c P 20.93% WF 308.6 PSV     303 N     303  --  A1 B2 A2 B1 A1 A2 pass pass
pss : T -29.02c W -21.92c S  -8.28c ( -5.1 L  -8.1) LCB  -96.35c P 18.80% WF   5.4 PSV       3 N      11  --  pass B2 A1

2025-11-27 20:54:59+0700: = A1
2025-11-27 20:55:09+0700: Controller: quit
2025-11-27 20:55:09+0700: Quit requested by controller
2025-11-27 20:55:09+0700: = 
2025-11-27 20:55:09+0700: GPU -1 finishing, processed 11 rows 11 batches
2025-11-27 20:55:09+0700: GPU -1 finishing, processed 8 rows 8 batches
2025-11-27 20:55:09+0700: GPU -1 finishing, processed 10 rows 10 batches
2025-11-27 20:55:09+0700: GPU -1 finishing, processed 15 rows 12 batches
2025-11-27 20:55:09+0700: GPU -1 finishing, processed 13 rows 12 batches
2025-11-27 20:55:09+0700: GPU -1 finishing, processed 12 rows 8 batches
2025-11-27 20:55:09+0700: GPU -1 finishing, processed 11 rows 11 batches
2025-11-27 20:55:09+0700: GPU -1 finishing, processed 9 rows 9 batches
2025-11-27 20:55:09+0700: All cleaned up, quitting
