2025-11-27 10:35:12+0700: Running with following config:
allowResignation = true
lagBuffer = 0.0
logAllGTPCommunication = true
logDir = gtp_logs
logSearchInfo = true
logSearchInfoForChosenMove = false
logToStderr = false
maxPlayouts = 100
maxPlayoutsPondering = 3000
maxTime = 1.0
maxTimePondering = 60.0
maxVisits = 30
maxVisitsPondering = 5000
numSearchThreads = 6
ponderingEnabled = false
resignConsecTurns = 3
resignThreshold = -0.90
rules = tromp-taylor
searchFactorAfterOnePass = 0.50
searchFactorAfterTwoPass = 0.25
searchFactorWhenWinning = 0.40
searchFactorWhenWinningThreshold = 0.95

2025-11-27 10:35:12+0700: GTP Engine starting...
2025-11-27 10:35:12+0700: KataGo v1.14.0
2025-11-27 10:35:12+0700: Using TrompTaylor rules initially, unless GTP/GUI overrides this
2025-11-27 10:35:12+0700: Using 6 CPU thread(s) for search
2025-11-27 10:35:12+0700: nnRandSeed0 = 6553560720073310896
2025-11-27 10:35:12+0700: After dedups: nnModelFile0 = model.gz useFP16 auto useNHWC auto
2025-11-27 10:35:12+0700: Initializing neural net buffer to be size 19 * 19 exactly
2025-11-27 10:35:16+0700: Eigen (CPU) backend thread 3: Model version 15
2025-11-27 10:35:16+0700: Eigen (CPU) backend thread 3: Model name: kata1-b28c512nbt-s11923456768-d5584765134
2025-11-27 10:35:16+0700: Eigen (CPU) backend thread 0: Model version 15
2025-11-27 10:35:16+0700: Eigen (CPU) backend thread 0: Model name: kata1-b28c512nbt-s11923456768-d5584765134
2025-11-27 10:35:16+0700: Eigen (CPU) backend thread 1: Model version 15
2025-11-27 10:35:16+0700: Eigen (CPU) backend thread 1: Model name: kata1-b28c512nbt-s11923456768-d5584765134
2025-11-27 10:35:16+0700: Eigen (CPU) backend thread 4: Model version 15
2025-11-27 10:35:16+0700: Eigen (CPU) backend thread 4: Model name: kata1-b28c512nbt-s11923456768-d5584765134
2025-11-27 10:35:16+0700: Eigen (CPU) backend thread 5: Model version 15
2025-11-27 10:35:16+0700: Eigen (CPU) backend thread 5: Model name: kata1-b28c512nbt-s11923456768-d5584765134
2025-11-27 10:35:16+0700: Eigen (CPU) backend thread 2: Model version 15
2025-11-27 10:35:16+0700: Eigen (CPU) backend thread 2: Model name: kata1-b28c512nbt-s11923456768-d5584765134
2025-11-27 10:35:21+0700: Loaded neural net with nnXLen 19 nnYLen 19
2025-11-27 10:35:21+0700: Initializing board with boardXSize 19 boardYSize 19
2025-11-27 10:35:21+0700: Loaded config default_gtp.cfg
2025-11-27 10:35:21+0700: Loaded model model.gz
2025-11-27 10:35:21+0700: Model name: kata1-b28c512nbt-s11923456768-d5584765134
2025-11-27 10:35:21+0700: GTP ready, beginning main protocol loop
2025-11-27 10:35:29+0700: Controller: .\katago.exe benchmark -model model.bin.gz
2025-11-27 10:35:29+0700: ? unknown command
2025-11-27 10:36:28+0700: Controller: quit
2025-11-27 10:36:28+0700: Quit requested by controller
2025-11-27 10:36:28+0700: = 
2025-11-27 10:36:28+0700: GPU -1 finishing, processed 0 rows 0 batches
2025-11-27 10:36:28+0700: GPU -1 finishing, processed 0 rows 0 batches
2025-11-27 10:36:28+0700: GPU -1 finishing, processed 0 rows 0 batches
2025-11-27 10:36:28+0700: GPU -1 finishing, processed 0 rows 0 batches
2025-11-27 10:36:28+0700: GPU -1 finishing, processed 0 rows 0 batches
2025-11-27 10:36:28+0700: GPU -1 finishing, processed 0 rows 0 batches
2025-11-27 10:36:28+0700: All cleaned up, quitting
