2025-11-27 15:41:16+0700: Running with following config:
allowResignation = true
lagBuffer = 0.0
logAllGTPCommunication = true
logDir = gtp_logs
logSearchInfo = true
logSearchInfoForChosenMove = false
logToStderr = false
maxPlayouts = 500
maxPlayoutsPondering = 3000
maxTime = 1
maxTimePondering = 60.0
maxVisits = 300
maxVisitsPondering = 5000
numSearchThreads = 16
ponderingEnabled = false
resignConsecTurns = 3
resignThreshold = -0.90
rules = tromp-taylor
searchFactorAfterOnePass = 0.50
searchFactorAfterTwoPass = 0.25
searchFactorWhenWinning = 0.40
searchFactorWhenWinningThreshold = 0.95

2025-11-27 15:41:16+0700: GTP Engine starting...
2025-11-27 15:41:16+0700: KataGo v1.14.0
2025-11-27 15:41:16+0700: Using TrompTaylor rules initially, unless GTP/GUI overrides this
2025-11-27 15:41:16+0700: Using 16 CPU thread(s) for search
2025-11-27 15:41:16+0700: nnRandSeed0 = 16861970292334571852
2025-11-27 15:41:16+0700: After dedups: nnModelFile0 = model.gz useFP16 auto useNHWC auto
2025-11-27 15:41:16+0700: Initializing neural net buffer to be size 19 * 19 exactly
2025-11-27 15:41:16+0700: Eigen (CPU) backend thread 3: Model version 8
2025-11-27 15:41:16+0700: Eigen (CPU) backend thread 3: Model name: b6c96-s1995008-d1329786
2025-11-27 15:41:16+0700: Eigen (CPU) backend thread 0: Model version 8
2025-11-27 15:41:16+0700: Eigen (CPU) backend thread 0: Model name: b6c96-s1995008-d1329786
2025-11-27 15:41:16+0700: Eigen (CPU) backend thread 5: Model version 8
2025-11-27 15:41:16+0700: Eigen (CPU) backend thread 5: Model name: b6c96-s1995008-d1329786
2025-11-27 15:41:16+0700: Eigen (CPU) backend thread 6: Model version 8
2025-11-27 15:41:16+0700: Eigen (CPU) backend thread 6: Model name: b6c96-s1995008-d1329786
2025-11-27 15:41:16+0700: Eigen (CPU) backend thread 7: Model version 8
2025-11-27 15:41:16+0700: Eigen (CPU) backend thread 7: Model name: b6c96-s1995008-d1329786
2025-11-27 15:41:16+0700: Eigen (CPU) backend thread 1: Model version 8
2025-11-27 15:41:16+0700: Eigen (CPU) backend thread 1: Model name: b6c96-s1995008-d1329786
2025-11-27 15:41:16+0700: Eigen (CPU) backend thread 2: Model version 8
2025-11-27 15:41:16+0700: Eigen (CPU) backend thread 2: Model name: b6c96-s1995008-d1329786
2025-11-27 15:41:16+0700: Eigen (CPU) backend thread 4: Model version 8
2025-11-27 15:41:16+0700: Eigen (CPU) backend thread 4: Model name: b6c96-s1995008-d1329786
2025-11-27 15:41:16+0700: Loaded neural net with nnXLen 19 nnYLen 19
2025-11-27 15:41:16+0700: Initializing board with boardXSize 19 boardYSize 19
2025-11-27 15:41:16+0700: Loaded config default_gtp.cfg
2025-11-27 15:41:16+0700: Loaded model model.gz
2025-11-27 15:41:16+0700: Model name: b6c96-s1995008-d1329786
2025-11-27 15:41:16+0700: GTP ready, beginning main protocol loop
2025-11-27 15:41:20+0700: Controller: genmove w
2025-11-27 15:41:21+0700: MoveNum: 0 HASH: CDCBC1F514D7E680FACD226074256633
   A B C D E F G H J K L M N O P Q R S T
19 . . . . . . . . . . . . . . . . . . .
18 . . . . . . . . . . . . . . . . . . .
17 . . . . . . . . . . . . . . . . . . .
16 . . . . . . . . . . . . . . . . . . .
15 . . . . . . . . . . . . . . . . . . .
14 . . . . . . . . . . . . . . . . . . .
13 . . . . . . . . . . . . . . . . . . .
12 . . . . . . . . . . . . . . . . . . .
11 . . . . . . . . . . . . . . . . . . .
10 . . . . . . . . . . . . . . . . . . .
 9 . . . . . . . . . . . . . . . . . . .
 8 . . . . . . . . . . . . . . . . . . .
 7 . . . . . . . . . . . . . . . . . . .
 6 . @ . . . . . . . . . . . . . . . . .
 5 . . . . . . . . . . . . . . . . . . .
 4 . . . . . . . . . . . . . . . . . . .
 3 . . . . . . . . . . . . . . . . . . .
 2 . . . . . . . . . . . . . . . . . . .
 1 . . . . . . . . . . . . . . . . . . .

koPOSITIONALscoreAREAtaxNONEsui1komi7.5
Time taken: 1.031
Root visits: 278
New playouts: 278
NN rows: 277
NN batches: 180
NN avg batch size: 1.53889
PV: A9 B19 B10
Tree:
: T   6.93c W   6.74c S   1.96c ( +5.1 L  +5.4) N     278  --  A9 B19 B10
---White(^)---
A9  : T   6.25c W   5.27c S   1.66c ( +4.2 L  +6.3) LCB  -42.15c P  0.29% WF  12.0 PSV      13 N      12  --  A9 B19 B10
A2  : T   6.96c W   6.07c S   1.93c ( +4.9 L  +6.9) LCB  -57.93c P  0.29% WF   9.0 PSV       9 N       9  --  A2 T18 S19
B5  : T   5.99c W   6.16c S   1.87c ( +4.8 L  +5.1) LCB  -58.10c P  0.28% WF   5.0 PSV       5 N       5  --  B5 B4 C4
B9  : T   6.73c W   6.77c S   1.92c ( +5.0 L  +5.1) LCB  -57.27c P  0.28% WF   5.0 PSV       5 N       5  --  B9 A8 B8
B8  : T   6.14c W   6.15c S   1.88c ( +4.8 L  +5.1) LCB  -57.95c P  0.28% WF   5.0 PSV       5 N       5  --  B8 C8 D8
B4  : T   6.30c W   6.36c S   1.83c ( +4.7 L  +5.2) LCB  -57.19c P  0.28% WF   5.0 PSV       5 N       5  --  B4 A3 B3
E5  : T   6.46c W   6.39c S   1.95c ( +5.0 L  +5.2) LCB  -58.45c P  0.27% WF   5.0 PSV       5 N       5  --  E5 E4 F4
E6  : T   6.63c W   6.49c S   1.97c ( +5.1 L  +5.1) LCB  -58.15c P  0.27% WF   5.0 PSV       5 N       5  --  E6 D6 E7
E9  : T   6.69c W   6.49c S   2.01c ( +5.2 L  +5.2) LCB  -58.07c P  0.27% WF   5.0 PSV       5 N       5  --  E9 E10 D9
E10 : T   6.43c W   6.36c S   1.97c ( +5.1 L  +5.2) LCB  -58.52c P  0.27% WF   5.0 PSV       5 N       5  --  E10 F10 G10

2025-11-27 15:41:21+0700: = B6
2025-11-27 15:41:24+0700: Controller: genmove b
2025-11-27 15:41:25+0700: MoveNum: 1 HASH: 5BB09CBBFA0FE51F77BE48B136CE7E17
   A B C D E F G H J K L M N O P Q R S T
19 . . . . . . . . . . . . . . . . . . .
18 . . . . . . . . . . . . . . . . . . .
17 . . . . . . . . . . . . . . . . . . .
16 . . . . . . . . . . . . . . . . . . .
15 . . . . . . . . . . . . . . . . . . .
14 . . . . . . . . . . . . . . . . . . .
13 . . . . . . . . . . . . . . . . . . .
12 . . . . . . . . . . . . . . . . . . .
11 . . . . . . . . . . . . . . . . . . .
10 . . . . . . . . . . . . . . . . . . .
 9 . . . . . . . . . . . . . . . . . . .
 8 . . . . . . . . . . . . . . . . . . .
 7 . . . . . . . . . . . . . . . . . . .
 6 . O1. . . . . . . . . . . . . . . . .
 5 @ . . . . . . . . . . . . . . . . . .
 4 . . . . . . . . . . . . . . . . . . .
 3 . . . . . . . . . . . . . . . . . . .
 2 . . . . . . . . . . . . . . . . . . .
 1 . . . . . . . . . . . . . . . . . . .

koPOSITIONALscoreAREAtaxNONEsui1komi7.5
Time taken: 1.032
Root visits: 300
New playouts: 294
NN rows: 294
NN batches: 193
NN avg batch size: 1.52332
PV: B7 C7
Tree:
: T  10.30c W   8.07c S   1.88c ( +2.8 L  -4.8) N     300  --  B7 C7
---Black(^)---
B7  : T  11.66c W   9.29c S   2.12c ( +3.4 L  -4.8) LCB    9.78c P  0.32% WF  35.2 PSV     103 N      35  --  B7 C7
A5  : T  10.57c W   8.51c S   1.94c ( +2.9 L  -4.8) LCB    9.59c P  0.28% WF  78.0 PSV      78 N      78  --  A5 D7
S3  : T  10.86c W   8.52c S   1.97c ( +3.0 L  -4.8) LCB    8.01c P  0.26% WF  26.0 PSV      26 N      26  --  S3 B7
D6  : T  11.69c W   9.21c S   2.03c ( +3.1 L  -4.7) LCB    8.27c P  0.28% WF  21.1 PSV      21 N      21  --  D6 D7
C7  : T  11.25c W   8.77c S   1.99c ( +3.0 L  -4.7) LCB    7.41c P  0.29% WF  19.1 PSV      19 N      19  --  C7 C6
A8  : T  10.46c W   8.06c S   1.94c ( +2.9 L  -4.7) LCB    6.86c P  0.27% WF  20.0 PSV      12 N      20  --  A8 B8
A6  : T  10.32c W   7.95c S   1.93c ( +2.9 L  -4.7) LCB    6.94c P  0.29% WF  21.0 PSV       6 N      21  --  A6 C6
B1  : T   9.52c W   7.36c S   1.81c ( +2.6 L  -4.9) LCB    6.97c P  0.29% WF  24.9 PSV       1 N      25  --  B1 A11
R1  : T   9.37c W   7.09c S   1.77c ( +2.5 L  -4.7) LCB    5.58c P  0.28% WF  18.9 PSV       1 N      19  --  R1 B7
S2  : T   9.58c W   7.28c S   1.77c ( +2.5 L  -4.8) LCB    5.61c P  0.27% WF  17.9 PSV       1 N      18  --  S2 B5

2025-11-27 15:41:25+0700: = A5
2025-11-27 15:41:28+0700: Controller: genmove w
2025-11-27 15:41:29+0700: MoveNum: 2 HASH: 8DDFFC1A30A0531C7721B20150BEA9E5
   A B C D E F G H J K L M N O P Q R S T
19 . . . . . . . . . . . . . . . . . . .
18 . . . . . . . . . . . . . . . . . . .
17 . . . . . . . . . . . . . . . . . . .
16 . . . . . . . . . . . . . . . . . . .
15 . . . . . . . . . . @ . . . . . . . .
14 . . . . . . . . . . . . . . . . . . .
13 . . . . . . . . . . . . . . . . . . .
12 . . . . . . . . . . . . . . . . . . .
11 . . . . . . . . . . . . . . . . . . .
10 . . . . . . . . . . . . . . . . . . .
 9 . . . . . . . . . . . . . . . . . . .
 8 . . . . . . . . . . . . . . . . . . .
 7 . . . . . . . . . . . . . . . . . . .
 6 . O1. . . . . . . . . . . . . . . . .
 5 X2. . . . . . . . . . . . . . . . . .
 4 . . . . . . . . . . . . . . . . . . .
 3 . . . . . . . . . . . . . . . . . . .
 2 . . . . . . . . . . . . . . . . . . .
 1 . . . . . . . . . . . . . . . . . . .

koPOSITIONALscoreAREAtaxNONEsui1komi7.5
Time taken: 0.844
Root visits: 315
New playouts: 237
NN rows: 238
NN batches: 150
NN avg batch size: 1.58667
PV: G8 B7
Tree:
: T  -3.52c W  -4.02c S   0.05c ( -1.7 L  +4.7) N     315  --  G8 B7
---White(^)---
G8  : T  17.10c W  13.92c S   1.38c ( +1.9 L  +4.2) LCB  -11.50c P  0.27% WF   7.4 PSV       8 N       7  --  G8 B7
L15 : T  18.04c W  14.33c S   1.52c ( +2.2 L  +4.2) LCB  -16.56c P  0.27% WF   6.4 PSV       6 N       6  --  L15 B5
E16 : T  18.48c W  14.19c S   1.59c ( +2.4 L  +4.4) LCB  -25.33c P  0.27% WF   5.3 PSV       5 N       5  --  E16 C6
M15 : T  18.52c W  14.23c S   1.56c ( +2.3 L  +4.4) LCB  -25.31c P  0.27% WF   5.3 PSV       5 N       5  --  M15 C6
F12 : T  18.78c W  14.45c S   1.58c ( +2.4 L  +4.4) LCB  -24.62c P  0.27% WF   5.3 PSV       5 N       5  --  F12 C6
L7  : T  19.10c W  14.63c S   1.69c ( +2.7 L  +4.3) LCB  -24.37c P  0.27% WF   5.3 PSV       5 N       5  --  L7 B5
D7  : T  10.33c W   8.18c S   0.48c ( -0.5 L  +3.8) LCB  -18.79c P  0.27% WF   5.2 PSV       0 N       5  --  D7 C6
N14 : T   9.90c W   7.34c S   0.46c ( -0.6 L  +3.9) LCB  -34.26c P  0.27% WF   4.2 PSV       0 N       4  --  N14 B7
M13 : T  10.76c W   7.96c S   0.59c ( -0.2 L  +4.0) LCB  -33.56c P  0.27% WF   4.2 PSV       0 N       4  --  M13 B7
L11 : T  10.59c W   7.78c S   0.62c ( -0.1 L  +3.9) LCB  -33.68c P  0.27% WF   4.2 PSV       0 N       4  --  L11 B5

2025-11-27 15:41:29+0700: = L15
