2025-11-28 08:47:14+0700: Running with following config:
allowResignation = true
lagBuffer = 0.0
logAllGTPCommunication = true
logDir = gtp_logs
logSearchInfo = true
logSearchInfoForChosenMove = false
logToStderr = false
maxPlayouts = 500
maxPlayoutsPondering = 3000
maxTime = 0.5
maxTimePondering = 60.0
maxVisits = 300
maxVisitsPondering = 5000
numSearchThreads = 16
ponderingEnabled = false
resignConsecTurns = 3
resignThreshold = -0.90
rules = tromp-taylor
searchFactorAfterOnePass = 0.50
searchFactorAfterTwoPass = 0.25
searchFactorWhenWinning = 0.40
searchFactorWhenWinningThreshold = 0.95

2025-11-28 08:47:14+0700: GTP Engine starting...
2025-11-28 08:47:14+0700: KataGo v1.14.0
2025-11-28 08:47:14+0700: Using TrompTaylor rules initially, unless GTP/GUI overrides this
2025-11-28 08:47:14+0700: Using 16 CPU thread(s) for search
2025-11-28 08:47:14+0700: nnRandSeed0 = 2090642661515471293
2025-11-28 08:47:14+0700: After dedups: nnModelFile0 = model.gz useFP16 auto useNHWC auto
2025-11-28 08:47:14+0700: Initializing neural net buffer to be size 19 * 19 exactly
2025-11-28 08:47:14+0700: Eigen (CPU) backend thread 2: Model version 8
2025-11-28 08:47:14+0700: Eigen (CPU) backend thread 2: Model name: b6c96-s1995008-d1329786
2025-11-28 08:47:14+0700: Eigen (CPU) backend thread 4: Model version 8
2025-11-28 08:47:14+0700: Eigen (CPU) backend thread 4: Model name: b6c96-s1995008-d1329786
2025-11-28 08:47:14+0700: Eigen (CPU) backend thread 3: Model version 8
2025-11-28 08:47:14+0700: Eigen (CPU) backend thread 3: Model name: b6c96-s1995008-d1329786
2025-11-28 08:47:14+0700: Eigen (CPU) backend thread 0: Model version 8
2025-11-28 08:47:14+0700: Eigen (CPU) backend thread 0: Model name: b6c96-s1995008-d1329786
2025-11-28 08:47:14+0700: Eigen (CPU) backend thread 6: Model version 8
2025-11-28 08:47:14+0700: Eigen (CPU) backend thread 6: Model name: b6c96-s1995008-d1329786
2025-11-28 08:47:14+0700: Eigen (CPU) backend thread 7: Model version 8
2025-11-28 08:47:14+0700: Eigen (CPU) backend thread 7: Model name: b6c96-s1995008-d1329786
2025-11-28 08:47:14+0700: Eigen (CPU) backend thread 5: Model version 8
2025-11-28 08:47:14+0700: Eigen (CPU) backend thread 5: Model name: b6c96-s1995008-d1329786
2025-11-28 08:47:14+0700: Eigen (CPU) backend thread 1: Model version 8
2025-11-28 08:47:14+0700: Eigen (CPU) backend thread 1: Model name: b6c96-s1995008-d1329786
2025-11-28 08:47:14+0700: Loaded neural net with nnXLen 19 nnYLen 19
2025-11-28 08:47:14+0700: Initializing board with boardXSize 19 boardYSize 19
2025-11-28 08:47:14+0700: Loaded config default_gtp.cfg
2025-11-28 08:47:14+0700: Loaded model model.gz
2025-11-28 08:47:14+0700: Model name: b6c96-s1995008-d1329786
2025-11-28 08:47:14+0700: GTP ready, beginning main protocol loop
2025-11-28 08:47:17+0700: Controller: genmove w
2025-11-28 08:47:18+0700: MoveNum: 0 HASH: CDCBC1F514D7E680FACD226074256633
   A B C D E F G H J K L M N O P Q R S T
19 . . . . . . . . . . . . . . . . . . .
18 . . . . . . . . . . . . . . . . . . .
17 . . . . . . . . . . . . . . . . . . .
16 . . . . . . . . . . . . . . . . . . .
15 . . . . . . . . . . . . . . . . . . .
14 . . . . . . . . . . . . . . . . . . .
13 . . . . . . . . . . . . . . . . . . .
12 . . . . . . . . . . . . . . . . . . .
11 . . . . . . . . . . . . . . . . . . .
10 . . . . . . . . . . . . . . . . . . .
 9 . . . . . . . . . . . . . . . . . . .
 8 . . . . @ . . . . . . . . . . . . . .
 7 . . . . . . . . . . . . . . . . . . .
 6 . . . . . . . . . . . . . . . . . . .
 5 . . . . . . . . . . . . . . . . . . .
 4 . . . . . . . . . . . . . . . . . . .
 3 . . . . . . . . . . . . . . . . . . .
 2 . . . . . . . . . . . . . . . . . . .
 1 . . . . . . . . . . . . . . . . . . .

koPOSITIONALscoreAREAtaxNONEsui1komi7.5
Time taken: 0.531
Root visits: 142
New playouts: 142
NN rows: 142
NN batches: 97
NN avg batch size: 1.46392
PV: A8 S1 Q1
Tree:
: T   8.61c W   8.41c S   2.21c ( +5.8 L  +5.6) N     142  --  A8 S1 Q1
---White(^)---
A8  : T   9.23c W   7.96c S   2.13c ( +5.5 L  +6.6) LCB  -48.12c P  0.29% WF  10.0 PSV      10 N      10  --  A8 S1 Q1
A1  : T  11.87c W  10.45c S   2.46c ( +6.5 L  +7.0) LCB  -59.19c P  0.28% WF   8.1 PSV       8 N       8  --  A1 B19 C19
B3  : T   9.00c W   8.89c S   2.34c ( +6.2 L  +5.3) LCB  -71.59c P  0.28% WF   4.0 PSV       4 N       4  --  B3 B4 C4
E9  : T  10.57c W  10.18c S   2.64c ( +7.0 L  +5.3) LCB  -70.93c P  0.27% WF   4.0 PSV       4 N       4  --  E9 D9 D8
E7  : T  10.20c W  10.03c S   2.60c ( +6.9 L  +5.3) LCB  -71.88c P  0.27% WF   4.0 PSV       4 N       4  --  E7 E6 D6
E8  : T  16.53c W  15.96c S   3.61c ( +9.8 L  +5.6) LCB  -95.53c P  0.27% WF   3.1 PSV       3 N       3  --  E8 E9 pass
E6  : T  16.00c W  15.77c S   3.52c ( +9.6 L  +5.5) LCB  -96.93c P  0.27% WF   3.1 PSV       3 N       3  --  E6 E7 pass
E5  : T  16.28c W  15.95c S   3.57c ( +9.7 L  +5.6) LCB  -95.90c P  0.27% WF   3.1 PSV       3 N       3  --  E5 F5 pass
F10 : T  15.99c W  15.76c S   3.52c ( +9.6 L  +5.6) LCB  -96.89c P  0.27% WF   3.1 PSV       3 N       3  --  F10 G10 pass
F9  : T  16.18c W  16.04c S   3.56c ( +9.7 L  +5.5) LCB  -96.49c P  0.27% WF   3.1 PSV       3 N       3  --  F9 F10 pass

2025-11-28 08:47:18+0700: = E8
